2025-09-07 08:07:07.396 +0300 [debug] ([34mconfigs.js[0m) [31mloaded default configs as "{"updates":{"manifest_url":"https://cdn.freshdev.io/assets/fdk/updates.json","period":24},"log":{"level":"info"},"javascript":{"ecma_version":2020},"request":{"timeout":15000},"global_apps":{"enabled":false},"easel":{"enabled":false}}"[0m
2025-09-07 08:07:07.397 +0300 [debug] ([34mconfigs.js[0m) [31mloaded global configs as "{"request":{"timeout":15000}}"[0m
2025-09-07 08:07:07.397 +0300 [debug] ([34mfile.js[0m) [31mError while requiring /Users/halim/Desktop/confluence/.fdk/configs.json: Cannot find module '/Users/halim/Desktop/confluence/.fdk/configs.json'
Require stack:
- /Users/halim/.nvm/versions/node/v18.20.7/lib/node_modules/fdk/lib/utils/file.js
- /Users/halim/.nvm/versions/node/v18.20.7/lib/node_modules/fdk/lib/configs.js
- /Users/halim/.nvm/versions/node/v18.20.7/lib/node_modules/fdk/lib/logger.js
- /Users/halim/.nvm/versions/node/v18.20.7/lib/node_modules/fdk/index.js[0m
2025-09-07 08:07:07.398 +0300 [debug] ([34mfile.js[0m) [31mError while requiring /Users/halim/Desktop/confluence/.fdk/configs.json: Cannot find module '/Users/halim/Desktop/confluence/.fdk/configs.json'
Require stack:
- /Users/halim/.nvm/versions/node/v18.20.7/lib/node_modules/fdk/lib/utils/file.js
- /Users/halim/.nvm/versions/node/v18.20.7/lib/node_modules/fdk/lib/configs.js
- /Users/halim/.nvm/versions/node/v18.20.7/lib/node_modules/fdk/lib/logger.js
- /Users/halim/.nvm/versions/node/v18.20.7/lib/node_modules/fdk/index.js[0m
2025-09-07 08:07:07.398 +0300 [debug] ([34mconfigs.js[0m) [31mloaded local configs as "{}"[0m
2025-09-07 08:07:07.398 +0300 [debug] ([34mconfigs.js[0m) [31mloaded env configs as "{"updates":{},"log":{},"javascript":{},"request":{"timeout":15000}}"[0m
2025-09-07 08:07:07.398 +0300 [debug] ([34mconfigs.js[0m) [31mloaded resolved configs as "{"updates":{"manifest_url":"https://cdn.freshdev.io/assets/fdk/updates.json","period":24},"log":{"level":"info"},"javascript":{"ecma_version":2020},"request":{"timeout":15000},"global_apps":{"enabled":false},"easel":{"enabled":false}}"[0m
2025-09-07 08:07:07.398 +0300 [debug] ([34mlogger.js[0m) [31mStarting FDK in node v18.20.7 on darwin[0m
2025-09-07 08:07:07.398 +0300 [debug] ([34msequelize.js[0m) [31msetting up sqilite at "/Users/halim/Desktop/confluence/.fdk/store.sqlite"[0m
2025-09-07 08:07:07.398 +0300 [debug] ([34mdata.js[0m) [31mRead {"version_details":{"cli":{"deprecated":{"version":"<9","message":"This FDK version has been deprecated. There will be no further feature updates to this version. For a seamless app-building experience, ensure to move to the latest FDK version. For more information, see https://developers.freshworks.com/docs/app-sdk/v2.3/freshdesk/migration-guide/#migrate-to-the-latest-platform-version."},"forced":{"version":"7.0.0","command":"npm install https://dl.freshdev.io/cli/fdk-7.0.0.tgz -g","message":"Your FDK version has been forced updated to v7.0.0, please visit https://community.developers.freshworks.com/t/fdk-v7-0-announcing-node-js-v12-and-es6-support/3606 to know more"},"latest":{"version":"9.4.2","command":"npm install https://cdn.freshdev.io/fdk/latest.tgz -g","message":"You are on the latest FDK version. For information on the features available as part of this FDK version, see https://developers.freshworks.com/docs/?tab=modules."}},"addon":{"version":"2.1.0","url":"https://cdn.freshdev.io/assets/fdk/addons/addon.zip"}},"last_updated":{"time_stamp":1747928623738}}[0m
2025-09-07 08:07:07.398 +0300 [debug] ([34mupdater.js[0m) [31mlast check more than 24 hours ago, looking for updates again[0m
2025-09-07 08:07:07.814 +0300 [debug] ([34mupdater.js[0m) [31mdownloaded update manifest as {"cli":{"deprecated":{"version":"<9","message":"This FDK version has been deprecated. There will be no further feature updates to this version. For a seamless app-building experience, ensure to move to the latest FDK version. For more information, see https://developers.freshworks.com/docs/app-sdk/v2.3/freshdesk/migration-guide/#migrate-to-the-latest-platform-version."},"forced":{"version":"7.0.0","command":"npm install https://dl.freshdev.io/cli/fdk-7.0.0.tgz -g","message":"Your FDK version has been forced updated to v7.0.0, please visit https://community.developers.freshworks.com/t/fdk-v7-0-announcing-node-js-v12-and-es6-support/3606 to know more"},"latest":{"version":"9.6.0","command":"npm install https://cdn.freshdev.io/fdk/latest.tgz -g","message":"You are on the latest FDK version. For information on the features available as part of this FDK version, see https://developers.freshworks.com/docs/?tab=modules."}},"addon":{"version":"2.2.1","url":"https://cdn.freshdev.io/assets/fdk/addons/addon.zip"}}[0m
2025-09-07 08:07:07.815 +0300 [debug] ([34mdata.js[0m) [31mRead {"version_details":{"cli":{"deprecated":{"version":"<9","message":"This FDK version has been deprecated. There will be no further feature updates to this version. For a seamless app-building experience, ensure to move to the latest FDK version. For more information, see https://developers.freshworks.com/docs/app-sdk/v2.3/freshdesk/migration-guide/#migrate-to-the-latest-platform-version."},"forced":{"version":"7.0.0","command":"npm install https://dl.freshdev.io/cli/fdk-7.0.0.tgz -g","message":"Your FDK version has been forced updated to v7.0.0, please visit https://community.developers.freshworks.com/t/fdk-v7-0-announcing-node-js-v12-and-es6-support/3606 to know more"},"latest":{"version":"9.4.2","command":"npm install https://cdn.freshdev.io/fdk/latest.tgz -g","message":"You are on the latest FDK version. For information on the features available as part of this FDK version, see https://developers.freshworks.com/docs/?tab=modules."}},"addon":{"version":"2.1.0","url":"https://cdn.freshdev.io/assets/fdk/addons/addon.zip"}},"last_updated":{"time_stamp":1747928623738}}[0m
2025-09-07 08:07:08.494 +0300 [debug] ([34mdata.js[0m) [31mRead {"version_details":{"cli":{"deprecated":{"version":"<9","message":"This FDK version has been deprecated. There will be no further feature updates to this version. For a seamless app-building experience, ensure to move to the latest FDK version. For more information, see https://developers.freshworks.com/docs/app-sdk/v2.3/freshdesk/migration-guide/#migrate-to-the-latest-platform-version."},"forced":{"version":"7.0.0","command":"npm install https://dl.freshdev.io/cli/fdk-7.0.0.tgz -g","message":"Your FDK version has been forced updated to v7.0.0, please visit https://community.developers.freshworks.com/t/fdk-v7-0-announcing-node-js-v12-and-es6-support/3606 to know more"},"latest":{"version":"9.4.2","command":"npm install https://cdn.freshdev.io/fdk/latest.tgz -g","message":"You are on the latest FDK version. For information on the features available as part of this FDK version, see https://developers.freshworks.com/docs/?tab=modules."}},"addon":{"version":"2.1.0","url":"https://cdn.freshdev.io/assets/fdk/addons/addon.zip"}},"last_updated":{"time_stamp":1747928623738}}[0m
2025-09-07 08:07:08.495 +0300 [debug] ([34mdata.js[0m) [31mRead {"version_details":{"cli":{"deprecated":{"version":"<9","message":"This FDK version has been deprecated. There will be no further feature updates to this version. For a seamless app-building experience, ensure to move to the latest FDK version. For more information, see https://developers.freshworks.com/docs/app-sdk/v2.3/freshdesk/migration-guide/#migrate-to-the-latest-platform-version."},"forced":{"version":"7.0.0","command":"npm install https://dl.freshdev.io/cli/fdk-7.0.0.tgz -g","message":"Your FDK version has been forced updated to v7.0.0, please visit https://community.developers.freshworks.com/t/fdk-v7-0-announcing-node-js-v12-and-es6-support/3606 to know more"},"latest":{"version":"9.6.0","command":"npm install https://cdn.freshdev.io/fdk/latest.tgz -g","message":"You are on the latest FDK version. For information on the features available as part of this FDK version, see https://developers.freshworks.com/docs/?tab=modules."}},"addon":{"version":"2.2.1","url":"https://cdn.freshdev.io/assets/fdk/addons/addon.zip"}},"last_updated":{"time_stamp":1747928623738}}[0m
2025-09-07 08:07:14.092 +0300 [debug] ([34mupdater.js[0m) [31muser responded to update prompt with "true"[0m
2025-09-07 08:08:36.121 +0300 [debug] (configs.js) loaded default configs as "{"updates":{"manifest_url":"https://cdn.freshdev.io/assets/fdk/updates.json","period":24},"log":{"level":"info"},"javascript":{"ecma_version":2020},"request":{"timeout":15000},"global_apps":{"enabled":false},"easel":{"enabled":false},"job":{"timeout":120000}}"
2025-09-07 08:08:36.122 +0300 [debug] (configs.js) loaded global configs as "{"request":{"timeout":15000}}"
2025-09-07 08:08:36.123 +0300 [debug] (configs.js) loaded local configs as "{"request":{"timeout":15000},"job":{"timeout":120000}}"
2025-09-07 08:08:36.123 +0300 [debug] (configs.js) loaded env configs as "{"updates":{},"log":{},"javascript":{},"request":{"timeout":15000},"job":{"timeout":120000}}"
2025-09-07 08:08:36.123 +0300 [debug] (configs.js) loaded resolved configs as "{"updates":{"manifest_url":"https://cdn.freshdev.io/assets/fdk/updates.json","period":24},"log":{"level":"info"},"javascript":{"ecma_version":2020},"request":{"timeout":15000},"global_apps":{"enabled":false},"easel":{"enabled":false},"job":{"timeout":120000}}"
2025-09-07 08:08:36.123 +0300 [debug] (logger.js) Starting FDK in node v18.20.7 on darwin
2025-09-07 08:08:36.123 +0300 [debug] (sequelize.js) setting up sqilite at "/Users/halim/Desktop/confluence/.fdk/store.sqlite"
2025-09-07 08:08:36.123 +0300 [debug] (data.js) Read {"version_details":{"cli":{"deprecated":{"version":"<9","message":"This FDK version has been deprecated. There will be no further feature updates to this version. For a seamless app-building experience, ensure to move to the latest FDK version. For more information, see https://developers.freshworks.com/docs/app-sdk/v2.3/freshdesk/migration-guide/#migrate-to-the-latest-platform-version."},"forced":{"version":"7.0.0","command":"npm install https://dl.freshdev.io/cli/fdk-7.0.0.tgz -g","message":"Your FDK version has been forced updated to v7.0.0, please visit https://community.developers.freshworks.com/t/fdk-v7-0-announcing-node-js-v12-and-es6-support/3606 to know more"},"latest":{"version":"9.6.0","command":"npm install https://cdn.freshdev.io/fdk/latest.tgz -g","message":"You are on the latest FDK version. For information on the features available as part of this FDK version, see https://developers.freshworks.com/docs/?tab=modules."}},"addon":{"version":"2.2.1","url":"https://cdn.freshdev.io/assets/fdk/addons/addon.zip"}},"last_updated":{"time_stamp":1757221628495}}
2025-09-07 08:08:36.124 +0300 [debug] (updater.js) last check less than 24 hours ago, not looking for updates
2025-09-07 08:08:36.127 +0300 [debug] (index.js) running with opts {}
2025-09-07 08:08:36.135 +0300 [debug] (data.js) Read {"version_details":{"cli":{"deprecated":{"version":"<9","message":"This FDK version has been deprecated. There will be no further feature updates to this version. For a seamless app-building experience, ensure to move to the latest FDK version. For more information, see https://developers.freshworks.com/docs/app-sdk/v2.3/freshdesk/migration-guide/#migrate-to-the-latest-platform-version."},"forced":{"version":"7.0.0","command":"npm install https://dl.freshdev.io/cli/fdk-7.0.0.tgz -g","message":"Your FDK version has been forced updated to v7.0.0, please visit https://community.developers.freshworks.com/t/fdk-v7-0-announcing-node-js-v12-and-es6-support/3606 to know more"},"latest":{"version":"9.6.0","command":"npm install https://cdn.freshdev.io/fdk/latest.tgz -g","message":"You are on the latest FDK version. For information on the features available as part of this FDK version, see https://developers.freshworks.com/docs/?tab=modules."}},"addon":{"version":"2.2.1","url":"https://cdn.freshdev.io/assets/fdk/addons/addon.zip"}},"last_updated":{"time_stamp":1757221628495}}
2025-09-07 08:08:36.139 +0300 [debug] (create.js) 'init' called with /Users/halim/Desktop/confluence, undefined, undefined
2025-09-07 08:08:40.826 +0300 [debug] (create.js) Initializing template "your_first_app" for "freshchat".
2025-09-07 08:08:40.837 +0300 [info] A new Freshchat app was successfully created from template "your_first_app" with the following files.

2025-09-07 08:08:52.139 +0300 [debug] (configs.js) loaded default configs as "{"updates":{"manifest_url":"https://cdn.freshdev.io/assets/fdk/updates.json","period":24},"log":{"level":"info"},"javascript":{"ecma_version":2020},"request":{"timeout":15000},"global_apps":{"enabled":false},"easel":{"enabled":false},"job":{"timeout":120000}}"
2025-09-07 08:08:52.141 +0300 [debug] (configs.js) loaded global configs as "{"request":{"timeout":15000}}"
2025-09-07 08:08:52.141 +0300 [debug] (configs.js) loaded local configs as "{"request":{"timeout":15000},"job":{"timeout":120000}}"
2025-09-07 08:08:52.141 +0300 [debug] (configs.js) loaded env configs as "{"updates":{},"log":{},"javascript":{},"request":{"timeout":15000},"job":{"timeout":120000}}"
2025-09-07 08:08:52.141 +0300 [debug] (configs.js) loaded resolved configs as "{"updates":{"manifest_url":"https://cdn.freshdev.io/assets/fdk/updates.json","period":24},"log":{"level":"info"},"javascript":{"ecma_version":2020},"request":{"timeout":15000},"global_apps":{"enabled":false},"easel":{"enabled":false},"job":{"timeout":120000}}"
2025-09-07 08:08:52.142 +0300 [debug] (logger.js) Starting FDK in node v18.20.7 on darwin
2025-09-07 08:08:52.142 +0300 [debug] (sequelize.js) setting up sqilite at "/Users/halim/Desktop/confluence/.fdk/store.sqlite"
2025-09-07 08:08:52.142 +0300 [debug] (data.js) Read {"version_details":{"cli":{"deprecated":{"version":"<9","message":"This FDK version has been deprecated. There will be no further feature updates to this version. For a seamless app-building experience, ensure to move to the latest FDK version. For more information, see https://developers.freshworks.com/docs/app-sdk/v2.3/freshdesk/migration-guide/#migrate-to-the-latest-platform-version."},"forced":{"version":"7.0.0","command":"npm install https://dl.freshdev.io/cli/fdk-7.0.0.tgz -g","message":"Your FDK version has been forced updated to v7.0.0, please visit https://community.developers.freshworks.com/t/fdk-v7-0-announcing-node-js-v12-and-es6-support/3606 to know more"},"latest":{"version":"9.6.0","command":"npm install https://cdn.freshdev.io/fdk/latest.tgz -g","message":"You are on the latest FDK version. For information on the features available as part of this FDK version, see https://developers.freshworks.com/docs/?tab=modules."}},"addon":{"version":"2.2.1","url":"https://cdn.freshdev.io/assets/fdk/addons/addon.zip"}},"last_updated":{"time_stamp":1757221628495}}
2025-09-07 08:08:52.142 +0300 [debug] (updater.js) last check less than 24 hours ago, not looking for updates
2025-09-07 08:08:52.145 +0300 [debug] (index.js) running with opts {}
2025-09-07 08:08:52.642 +0300 [debug] (data.js) Read {"version_details":{"cli":{"deprecated":{"version":"<9","message":"This FDK version has been deprecated. There will be no further feature updates to this version. For a seamless app-building experience, ensure to move to the latest FDK version. For more information, see https://developers.freshworks.com/docs/app-sdk/v2.3/freshdesk/migration-guide/#migrate-to-the-latest-platform-version."},"forced":{"version":"7.0.0","command":"npm install https://dl.freshdev.io/cli/fdk-7.0.0.tgz -g","message":"Your FDK version has been forced updated to v7.0.0, please visit https://community.developers.freshworks.com/t/fdk-v7-0-announcing-node-js-v12-and-es6-support/3606 to know more"},"latest":{"version":"9.6.0","command":"npm install https://cdn.freshdev.io/fdk/latest.tgz -g","message":"You are on the latest FDK version. For information on the features available as part of this FDK version, see https://developers.freshworks.com/docs/?tab=modules."}},"addon":{"version":"2.2.1","url":"https://cdn.freshdev.io/assets/fdk/addons/addon.zip"}},"last_updated":{"time_stamp":1757221628495}}
2025-09-07 08:08:52.643 +0300 [debug] (manifest.js) Reloading manifest with {"platform-version":"2.3","product":{"freshchat":{"location":{"conversation_user_info":{"url":"index.html","icon":"styles/images/icon.svg"}}}},"engines":{"node":"18.20.7","fdk":"9.6.0"}}.
2025-09-07 08:08:52.643 +0300 [debug] (manifest.js) Inferred db as features.
2025-09-07 08:08:52.672 +0300 [debug] (data.js) Read {"version_details":{"cli":{"deprecated":{"version":"<9","message":"This FDK version has been deprecated. There will be no further feature updates to this version. For a seamless app-building experience, ensure to move to the latest FDK version. For more information, see https://developers.freshworks.com/docs/app-sdk/v2.3/freshdesk/migration-guide/#migrate-to-the-latest-platform-version."},"forced":{"version":"7.0.0","command":"npm install https://dl.freshdev.io/cli/fdk-7.0.0.tgz -g","message":"Your FDK version has been forced updated to v7.0.0, please visit https://community.developers.freshworks.com/t/fdk-v7-0-announcing-node-js-v12-and-es6-support/3606 to know more"},"latest":{"version":"9.6.0","command":"npm install https://cdn.freshdev.io/fdk/latest.tgz -g","message":"You are on the latest FDK version. For information on the features available as part of this FDK version, see https://developers.freshworks.com/docs/?tab=modules."}},"addon":{"version":"2.2.1","url":"https://cdn.freshdev.io/assets/fdk/addons/addon.zip"}},"last_updated":{"time_stamp":1757221628495}}
2025-09-07 08:08:52.863 +0300 [debug] (file.js) Error while requiring /Users/halim/Desktop/confluence/.report.json: Cannot find module '/Users/halim/Desktop/confluence/.report.json'
Require stack:
- /Users/halim/.nvm/versions/node/v18.20.7/lib/node_modules/fdk/lib/utils/file.js
- /Users/halim/.nvm/versions/node/v18.20.7/lib/node_modules/fdk/lib/configs.js
- /Users/halim/.nvm/versions/node/v18.20.7/lib/node_modules/fdk/lib/logger.js
- /Users/halim/.nvm/versions/node/v18.20.7/lib/node_modules/fdk/index.js
2025-09-07 08:08:52.902 +0300 [debug] (index.js) loading model at "/Users/halim/.nvm/versions/node/v18.20.7/lib/node_modules/fdk/lib/models/bigint-pivot.js"
2025-09-07 08:08:52.903 +0300 [debug] (index.js) loading model at "/Users/halim/.nvm/versions/node/v18.20.7/lib/node_modules/fdk/lib/models/entity-field-choice.js"
2025-09-07 08:08:52.904 +0300 [debug] (index.js) loading model at "/Users/halim/.nvm/versions/node/v18.20.7/lib/node_modules/fdk/lib/models/entity-field.js"
2025-09-07 08:08:52.904 +0300 [debug] (index.js) loading model at "/Users/halim/.nvm/versions/node/v18.20.7/lib/node_modules/fdk/lib/models/entity.js"
2025-09-07 08:08:52.905 +0300 [debug] (index.js) loading model at "/Users/halim/.nvm/versions/node/v18.20.7/lib/node_modules/fdk/lib/models/files.js"
2025-09-07 08:08:52.905 +0300 [debug] (index.js) loading model at "/Users/halim/.nvm/versions/node/v18.20.7/lib/node_modules/fdk/lib/models/oauth-details.js"
2025-09-07 08:08:52.906 +0300 [debug] (index.js) loading model at "/Users/halim/.nvm/versions/node/v18.20.7/lib/node_modules/fdk/lib/models/record.js"
2025-09-07 08:08:52.907 +0300 [debug] (index.js) loading model at "/Users/halim/.nvm/versions/node/v18.20.7/lib/node_modules/fdk/lib/models/string-pivot.js"
2025-09-07 08:08:53.026 +0300 [debug] (index.js) 'schema: ' [object Object]
2025-09-07 08:08:53.037 +0300 [debug] (index.js) 'schema: ' [object Object]
2025-09-07 08:08:53.038 +0300 [debug] (index.js) 'schema: ' [object Object]
2025-09-07 08:08:53.039 +0300 [debug] (index.js) 'schema: ' [object Object]
2025-09-07 08:08:53.042 +0300 [debug] (index.js) 'schema: ' [object Object]
2025-09-07 08:08:53.044 +0300 [debug] (index.js) 'schema: ' [object Object]
2025-09-07 08:08:53.045 +0300 [debug] (index.js) 'schema: ' [object Object]
2025-09-07 08:08:53.052 +0300 [debug] (index.js) 'schema: ' [object Object]
2025-09-07 08:08:53.053 +0300 [debug] (index.js) 'schema: ' [object Object]
2025-09-07 08:08:53.054 +0300 [debug] (index.js) 'schema: ' [object Object]
2025-09-07 08:08:53.058 +0300 [debug] (index.js) 'schema: ' [object Object]
2025-09-07 08:08:53.060 +0300 [debug] (index.js) 'schema: ' [object Object]
2025-09-07 08:08:53.064 +0300 [debug] (index.js) 'schema: ' [object Object]
2025-09-07 08:08:53.065 +0300 [debug] (index.js) 'schema: ' [object Object]
2025-09-07 08:08:53.065 +0300 [debug] (index.js) 'schema: ' [object Object]
2025-09-07 08:08:53.068 +0300 [debug] (index.js) 'schema: ' [object Object]
2025-09-07 08:08:53.344 +0300 [debug] (data.js) Read {"version_details":{"cli":{"deprecated":{"version":"<9","message":"This FDK version has been deprecated. There will be no further feature updates to this version. For a seamless app-building experience, ensure to move to the latest FDK version. For more information, see https://developers.freshworks.com/docs/app-sdk/v2.3/freshdesk/migration-guide/#migrate-to-the-latest-platform-version."},"forced":{"version":"7.0.0","command":"npm install https://dl.freshdev.io/cli/fdk-7.0.0.tgz -g","message":"Your FDK version has been forced updated to v7.0.0, please visit https://community.developers.freshworks.com/t/fdk-v7-0-announcing-node-js-v12-and-es6-support/3606 to know more"},"latest":{"version":"9.6.0","command":"npm install https://cdn.freshdev.io/fdk/latest.tgz -g","message":"You are on the latest FDK version. For information on the features available as part of this FDK version, see https://developers.freshworks.com/docs/?tab=modules."}},"addon":{"version":"2.2.1","url":"https://cdn.freshdev.io/assets/fdk/addons/addon.zip"}},"last_updated":{"time_stamp":1757221628495}}
2025-09-07 08:08:54.293 +0300 [debug] (validate.js) asked to skip the following validations, 
2025-09-07 08:08:54.294 +0300 [debug] (validate.js) running validator actions
2025-09-07 08:08:54.294 +0300 [debug] (validate.js) running validator requests
2025-09-07 08:08:54.294 +0300 [debug] (validate.js) running validator app-dir
2025-09-07 08:08:54.295 +0300 [debug] (validate.js) running validator config-dir
2025-09-07 08:08:54.295 +0300 [debug] (config-dir.js) Checking to see if /Users/halim/Desktop/confluence/config/ exists.
2025-09-07 08:08:54.295 +0300 [debug] (config-dir.js) Fetched the following config files iparams.json
2025-09-07 08:08:54.295 +0300 [debug] (validate.js) running validator custom-objects
2025-09-07 08:08:54.295 +0300 [debug] (validate.js) running validator event
2025-09-07 08:08:54.295 +0300 [debug] (validate.js) running validator iparam
2025-09-07 08:08:54.297 +0300 [debug] (validate.js) running validator lint
2025-09-07 08:08:54.297 +0300 [debug] (lint.js) passed fix flag: undefined
2025-09-07 08:08:54.298 +0300 [debug] (lint.js) Running the following lints on the file app/scripts/app.js : no-eval,no-alert,no-debugger,no-unreachable,no-duplicate-imports,constructor-super,for-direction,no-class-assign,no-new-native-nonconstructor,valid-typeof,no-eq-null,no-var,require-await,no-unreachable-loop,no-redeclare,no-self-assign,no-setter-return,no-shadow-restricted-names,no-this-before-super,no-unsafe-finally,no-unsafe-optional-chaining,no-unused-vars,no-useless-catch,eqeqeq,prefer-const,require-yield,no-global-assign,no-caller,no-process-env,complexity,max-nested-callbacks,handle-callback-err,getter-return,no-async-promise-executor,no-case-declarations,no-compare-neg-zero,no-cond-assign,no-const-assign,no-constant-condition,no-control-regex,no-delete-var,no-dupe-args,no-dupe-class-members,no-dupe-else-if,no-dupe-keys,no-duplicate-case,no-empty,no-empty-character-class,no-empty-pattern,no-ex-assign,no-extra-boolean-cast,no-extra-semi,no-fallthrough,no-func-assign,no-import-assign,no-inner-declarations,no-invalid-regexp,no-irregular-whitespace,no-loss-of-precision,no-misleading-character-class,no-mixed-spaces-and-tabs,no-nonoctal-decimal-escape,no-obj-calls,no-octal,no-prototype-builtins,no-regex-spaces,no-sparse-arrays,no-unexpected-multiline,no-unsafe-negation,no-unused-labels,no-useless-backreference,no-useless-escape,no-with,use-isnan,no-unpkg-cdn,no-proxy-requests,no-unhandled-promise,no-logging-rejections,no-non-client-request-model,no-deprecated-apis,no-cross-scope-assign,no-empty-function
2025-09-07 08:08:54.366 +0300 [debug] (validate.js) running validator manifest
2025-09-07 08:08:54.366 +0300 [debug] (validate.js) skipping validator manifest-dependency
2025-09-07 08:08:54.366 +0300 [debug] (validate.js) running validator oauth
2025-09-07 08:08:54.366 +0300 [debug] (validate.js) skipping validator pkgsize
2025-09-07 08:08:54.366 +0300 [debug] (validate.js) running validator schema
2025-09-07 08:08:54.366 +0300 [debug] (validate.js) running validator version-check
2025-09-07 08:08:54.366 +0300 [debug] (validate.js) running validator app-settings
2025-09-07 08:08:54.369 +0300 [warn] Please ensure that the following are addressed for quick review process:
2025-09-07 08:08:54.370 +0300 [warn] [33m⚠[39m app/scripts/app.js::5: 'onInit' is never reassigned. Use 'const' instead.
2025-09-07 08:08:54.370 +0300 [warn] [33m⚠[39m app/scripts/app.js::17: 'textElement' is never reassigned. Use 'const' instead.
2025-09-07 08:08:54.370 +0300 [warn] 
2025-09-07 08:08:54.371 +0300 [debug] (watcher.js) Preparing to watch the following files ./app,./config,./manifest.json
2025-09-07 08:08:54.374 +0300 [debug] (data.js) Read {}
2025-09-07 08:08:54.374 +0300 [debug] (custom-objects.js) to force or not? undefined
2025-09-07 08:08:54.374 +0300 [debug] (custom-objects.js) beginning to re-sync db
2025-09-07 08:08:54.456 +0300 [debug] (data.js) Read {}
2025-09-07 08:08:54.456 +0300 [debug] (custom-objects.js) updated local store with latest entity hash
2025-09-07 08:08:54.456 +0300 [debug] (run.js) migrate stored oauth configs from localstore to sqlite
2025-09-07 08:08:54.456 +0300 [debug] (data.js) Read {}
2025-09-07 08:08:54.456 +0300 [debug] (data.js) Read {}
2025-09-07 08:08:54.457 +0300 [debug] (oauth.js) app without oauth configs, skipping oauth configs migration
2025-09-07 08:08:54.457 +0300 [debug] (data.js) Read {}
2025-09-07 08:08:54.457 +0300 [debug] (oauth.js) empty json, setting oauth migration flag to true
2025-09-07 08:08:54.457 +0300 [debug] (data.js) Read {"conflu_101_101_migrate_oauth_status":true}
2025-09-07 08:08:54.457 +0300 [info] Starting local testing server at http://*:10001/    
Append 'dev=true' to your Freshchat account URL to start testing    
e.g. https://web.freshchat.com/a/230117337757345/inbox/3/0/conversation/233020826993979?dev=true    
Quit the server with Control-C.
2025-09-07 08:09:16.643 +0300 [debug] (iframe.js) Received local app render request for product freshworks_crm which is not present in the list of products in the app manifest. Falling back to freshchat.
2025-09-07 08:09:16.643 +0300 [debug] (oauth.js) Fetching oauth configs of product : freshchat
2025-09-07 08:09:16.643 +0300 [debug] (iframe.js) Checking is authorized for all oauths 
2025-09-07 08:09:16.644 +0300 [debug] (data.js) Read {"conflu_101_101_migrate_oauth_status":true}
2025-09-07 08:09:16.645 +0300 [debug] (iframe.js) Responding to product with {"configs":{},"displayName":"confluence","product":{"freshchat":{"location":{"conversation_user_info":{"url":"agent/index.html","icon":"agent/styles/images/icon.svg"}}}},"modules":{},"features":["db"],"actions":false,"omni":false,"products":["freshchat"],"platform":"2.3","isInstall":false,"oauth_configs_list":[],"isAuthorized":true,"v2":[]}
2025-09-07 08:09:16.647 +0300 [debug] (oauth.js) Fetching oauth configs of product : freshchat
2025-09-07 08:09:16.647 +0300 [debug] (iframe.js) Checking is authorized for all oauths 
2025-09-07 08:09:16.647 +0300 [debug] (data.js) Read {"conflu_101_101_migrate_oauth_status":true}
2025-09-07 08:09:16.647 +0300 [debug] (data.js) Read {"conflu_101_101_migrate_oauth_status":true}
2025-09-07 08:09:16.648 +0300 [debug] (iframe.js) Responding to product with {"configs":{},"displayName":"confluence","product":{"freshchat":{"location":{"conversation_user_info":{"url":"agent/index.html","icon":"agent/styles/images/icon.svg"}}}},"modules":{},"features":["db"],"actions":false,"omni":false,"products":["freshchat"],"platform":"2.3","isInstall":false,"oauth_configs_list":[],"isAuthorized":true,"v2":[{"id":1,"version_id":1,"configs":{},"displayName":"confluence","placeholders":{"conversation_user_info":{"url":"http://localhost:10001/iframe/index.html","icon":"styles/images/icon.svg"}}}]}
2025-09-07 08:09:16.648 +0300 [debug] (iframe.js) Received local app render request for product freshworks_crm which is not present in the list of products in the app manifest. Falling back to freshchat.
2025-09-07 08:09:16.648 +0300 [debug] (oauth.js) Fetching oauth configs of product : freshchat
2025-09-07 08:09:16.649 +0300 [debug] (iframe.js) Checking is authorized for all oauths 
2025-09-07 08:09:16.649 +0300 [debug] (data.js) Read {"conflu_101_101_migrate_oauth_status":true}
2025-09-07 08:09:16.650 +0300 [debug] (iframe.js) Responding to product with {"configs":{},"displayName":"confluence","product":{"freshchat":{"location":{"conversation_user_info":{"url":"agent/index.html","icon":"agent/styles/images/icon.svg"}}}},"modules":{},"features":["db"],"actions":false,"omni":false,"products":["freshchat"],"platform":"2.3","isInstall":false,"oauth_configs_list":[],"isAuthorized":true,"v2":[]}
2025-09-07 08:09:17.752 +0300 [debug] (iframe.js) Responding with contents of /index.html
2025-09-07 08:09:17.838 +0300 [debug] (iframe.js) Responding with contents of /scripts/app.js
2025-09-07 08:09:17.838 +0300 [debug] (coverage.js) Instrumenting /Users/halim/Desktop/confluence/app/scripts/app.js
2025-09-07 08:09:20.143 +0300 [debug] (coverage.js) Writing coverage.
